Build started 3/17/2015 2:21:06 PM.
     1>Project "C:\Users\Xenolupus\Documents\Visual Studio 2013\Projects\DMArcadeInterface\DMArcadeInterface\DMArcadeInterface.vcxproj" on node 2 (Build target(s)).
     1>ClCompile:
         C:\Program Files (x86)\Microsoft Visual Studio 12.0\VC\bin\CL.exe /c /ZI /nologo /W3 /WX- /sdl /Od /Oy- /D WIN32 /D _DEBUG /D _WINDOWS /D _UNICODE /D UNICODE /Gm /EHsc /RTC1 /MDd /GS /fp:precise /Zc:wchar_t /Zc:forScope /Fo"Debug\\" /Fd"Debug\vc120.pdb" /Gd /TP /analyze- /errorReport:prompt inputclass.cpp
         inputclass.cpp
       Link:
         C:\Program Files (x86)\Microsoft Visual Studio 12.0\VC\bin\link.exe /ERRORREPORT:PROMPT /OUT:"C:\Users\Xenolupus\Documents\Visual Studio 2013\Projects\DMArcadeInterface\Debug\DMArcadeInterface.exe" /INCREMENTAL /NOLOGO kernel32.lib user32.lib gdi32.lib winspool.lib comdlg32.lib advapi32.lib shell32.lib ole32.lib oleaut32.lib uuid.lib odbc32.lib odbccp32.lib /MANIFEST /MANIFESTUAC:"level='asInvoker' uiAccess='false'" /manifest:embed /DEBUG /PDB:"C:\Users\Xenolupus\Documents\Visual Studio 2013\Projects\DMArcadeInterface\Debug\DMArcadeInterface.pdb" /SUBSYSTEM:WINDOWS /TLBID:1 /DYNAMICBASE /NXCOMPAT /IMPLIB:"C:\Users\Xenolupus\Documents\Visual Studio 2013\Projects\DMArcadeInterface\Debug\DMArcadeInterface.lib" /MACHINE:X86 Debug\bitmapclass.obj
         Debug\cameraclass.obj
         Debug\colorshaderclass.obj
         Debug\d3dclass.obj
         Debug\debugoutput.obj
         Debug\fontclass.obj
         Debug\fontshaderclass.obj
         Debug\GameInfo.obj
         Debug\graphicsclass.obj
         Debug\inputclass.obj
         Debug\lightclass.obj
         Debug\lightshaderclass.obj
         Debug\main.obj
         Debug\modelclass.obj
         Debug\systemclass.obj
         Debug\textclass.obj
         Debug\textureclass.obj
         Debug\textureshaderclass.obj
         DMArcadeInterface.vcxproj -> C:\Users\Xenolupus\Documents\Visual Studio 2013\Projects\DMArcadeInterface\Debug\DMArcadeInterface.exe
     1>Done Building Project "C:\Users\Xenolupus\Documents\Visual Studio 2013\Projects\DMArcadeInterface\DMArcadeInterface\DMArcadeInterface.vcxproj" (Build target(s)).

Build succeeded.

Time Elapsed 00:00:00.73
