c:\users\xenolupus\documents\visual studio 2013\projects\dmarcadeinterface\dmarcadeinterface\release\vc120.pdb
c:\users\xenolupus\documents\visual studio 2013\projects\dmarcadeinterface\dmarcadeinterface\release\systemclass.obj
c:\users\xenolupus\documents\visual studio 2013\projects\dmarcadeinterface\dmarcadeinterface\release\main.obj
c:\users\xenolupus\documents\visual studio 2013\projects\dmarcadeinterface\dmarcadeinterface\release\inputclass.obj
c:\users\xenolupus\documents\visual studio 2013\projects\dmarcadeinterface\dmarcadeinterface\release\graphicsclass.obj
c:\users\xenolupus\documents\visual studio 2013\projects\dmarcadeinterface\dmarcadeinterface\release\d3dclass.obj
c:\users\xenolupus\documents\visual studio 2013\projects\dmarcadeinterface\dmarcadeinterface\release\textureshaderclass.obj
c:\users\xenolupus\documents\visual studio 2013\projects\dmarcadeinterface\dmarcadeinterface\release\textureclass.obj
c:\users\xenolupus\documents\visual studio 2013\projects\dmarcadeinterface\dmarcadeinterface\release\textclass.obj
c:\users\xenolupus\documents\visual studio 2013\projects\dmarcadeinterface\dmarcadeinterface\release\modelclass.obj
c:\users\xenolupus\documents\visual studio 2013\projects\dmarcadeinterface\dmarcadeinterface\release\lightshaderclass.obj
c:\users\xenolupus\documents\visual studio 2013\projects\dmarcadeinterface\dmarcadeinterface\release\lightclass.obj
c:\users\xenolupus\documents\visual studio 2013\projects\dmarcadeinterface\dmarcadeinterface\release\gameinfo.obj
c:\users\xenolupus\documents\visual studio 2013\projects\dmarcadeinterface\dmarcadeinterface\release\fontshaderclass.obj
c:\users\xenolupus\documents\visual studio 2013\projects\dmarcadeinterface\dmarcadeinterface\release\fontclass.obj
c:\users\xenolupus\documents\visual studio 2013\projects\dmarcadeinterface\dmarcadeinterface\release\debugoutput.obj
c:\users\xenolupus\documents\visual studio 2013\projects\dmarcadeinterface\dmarcadeinterface\release\colorshaderclass.obj
c:\users\xenolupus\documents\visual studio 2013\projects\dmarcadeinterface\dmarcadeinterface\release\cameraclass.obj
c:\users\xenolupus\documents\visual studio 2013\projects\dmarcadeinterface\dmarcadeinterface\release\bitmapclass.obj
c:\users\xenolupus\documents\visual studio 2013\projects\dmarcadeinterface\release\dmarcadeinterface.exe
c:\users\xenolupus\documents\visual studio 2013\projects\dmarcadeinterface\release\dmarcadeinterface.pdb
c:\users\xenolupus\documents\visual studio 2013\projects\dmarcadeinterface\dmarcadeinterface\release\dmarcade.ac67f5a7.tlog\cl.command.1.tlog
c:\users\xenolupus\documents\visual studio 2013\projects\dmarcadeinterface\dmarcadeinterface\release\dmarcade.ac67f5a7.tlog\cl.read.1.tlog
c:\users\xenolupus\documents\visual studio 2013\projects\dmarcadeinterface\dmarcadeinterface\release\dmarcade.ac67f5a7.tlog\cl.write.1.tlog
c:\users\xenolupus\documents\visual studio 2013\projects\dmarcadeinterface\dmarcadeinterface\release\dmarcade.ac67f5a7.tlog\link.command.1.tlog
c:\users\xenolupus\documents\visual studio 2013\projects\dmarcadeinterface\dmarcadeinterface\release\dmarcade.ac67f5a7.tlog\link.read.1.tlog
c:\users\xenolupus\documents\visual studio 2013\projects\dmarcadeinterface\dmarcadeinterface\release\dmarcade.ac67f5a7.tlog\link.write.1.tlog
